[0.010s] Invoking command in '/home/noth5593/CLionProjects/20241119_test2/build/imgsubscriber': CMAKE_PREFIX_PATH=/opt/ros/humble /usr/bin/cmake /home/noth5593/CLionProjects/20241119_test2/imgrcv -DCMAKE_INSTALL_PREFIX=/home/noth5593/CLionProjects/20241119_test2/install/imgsubscriber
[0.087s] -- The C compiler identification is GNU 11.4.0
[0.164s] -- The CXX compiler identification is GNU 11.4.0
[0.174s] -- Detecting C compiler ABI info
[0.266s] -- Detecting C compiler ABI info - done
[0.275s] -- Check for working C compiler: /usr/bin/cc - skipped
[0.276s] -- Detecting C compile features
[0.276s] -- Detecting C compile features - done
[0.280s] -- Detecting CXX compiler ABI info
[0.378s] -- Detecting CXX compiler ABI info - done
[0.388s] -- Check for working CXX compiler: /usr/bin/c++ - skipped
[0.388s] -- Detecting CXX compile features
[0.389s] -- Detecting CXX compile features - done
[0.391s] -- Found ament_cmake: 1.3.10 (/opt/ros/humble/share/ament_cmake/cmake)
[0.613s] -- Found Python3: /usr/bin/python3 (found version "3.10.12") found components: Interpreter 
[0.718s] -- Found rclcpp: 16.0.10 (/opt/ros/humble/share/rclcpp/cmake)
[0.764s] -- Found rosidl_generator_c: 3.1.5 (/opt/ros/humble/share/rosidl_generator_c/cmake)
[0.769s] -- Found rosidl_adapter: 3.1.5 (/opt/ros/humble/share/rosidl_adapter/cmake)
[0.777s] -- Found rosidl_generator_cpp: 3.1.5 (/opt/ros/humble/share/rosidl_generator_cpp/cmake)
[0.789s] -- Using all available rosidl_typesupport_c: rosidl_typesupport_fastrtps_c;rosidl_typesupport_introspection_c
[0.805s] -- Using all available rosidl_typesupport_cpp: rosidl_typesupport_fastrtps_cpp;rosidl_typesupport_introspection_cpp
[0.853s] -- Found rmw_implementation_cmake: 6.1.2 (/opt/ros/humble/share/rmw_implementation_cmake/cmake)
[0.856s] -- Found rmw_fastrtps_cpp: 6.2.7 (/opt/ros/humble/share/rmw_fastrtps_cpp/cmake)
[0.962s] -- Found OpenSSL: /usr/lib/x86_64-linux-gnu/libcrypto.so (found version "3.0.2")  
[0.995s] -- Found FastRTPS: /opt/ros/humble/include  
[1.045s] -- Using RMW implementation 'rmw_fastrtps_cpp' as default
[1.054s] -- Looking for pthread.h
[1.150s] -- Looking for pthread.h - found
[1.151s] -- Performing Test CMAKE_HAVE_LIBC_PTHREAD
[1.247s] -- Performing Test CMAKE_HAVE_LIBC_PTHREAD - Success
[1.249s] -- Found Threads: TRUE  
[1.310s] -- Found sensor_msgs: 4.2.4 (/opt/ros/humble/share/sensor_msgs/cmake)
[1.348s] -- Found cv_bridge: 3.2.1 (/opt/ros/humble/share/cv_bridge/cmake)
[1.366s] -- Found OpenCV: /usr/local (found version "4.5.5") 
[1.369s] -- Found ament_lint_auto: 0.12.11 (/opt/ros/humble/share/ament_lint_auto/cmake)
[1.463s] -- Added test 'cppcheck' to perform static code analysis on C / C++ code
[1.463s] -- Configured cppcheck include dirs: 
[1.463s] -- Configured cppcheck exclude dirs and/or files: 
[1.463s] -- Added test 'lint_cmake' to check CMake code style
[1.464s] -- Added test 'uncrustify' to check C / C++ code style
[1.464s] -- Configured uncrustify additional arguments: 
[1.465s] -- Added test 'xmllint' to check XML markup files
[1.466s] -- Configuring done
[1.482s] -- Generating done
[1.483s] -- Build files have been written to: /home/noth5593/CLionProjects/20241119_test2/build/imgsubscriber
[1.499s] Invoked command in '/home/noth5593/CLionProjects/20241119_test2/build/imgsubscriber' returned '0': CMAKE_PREFIX_PATH=/opt/ros/humble /usr/bin/cmake /home/noth5593/CLionProjects/20241119_test2/imgrcv -DCMAKE_INSTALL_PREFIX=/home/noth5593/CLionProjects/20241119_test2/install/imgsubscriber
[1.500s] Invoking command in '/home/noth5593/CLionProjects/20241119_test2/build/imgsubscriber': CMAKE_PREFIX_PATH=/opt/ros/humble /usr/bin/cmake --build /home/noth5593/CLionProjects/20241119_test2/build/imgsubscriber -- -j20 -l20
[1.579s] [ 50%] [32mBuilding CXX object CMakeFiles/test1.dir/src/test1.cpp.o[0m
[5.221s] [01m[K/home/noth5593/CLionProjects/20241119_test2/imgrcv/src/test1.cpp:[m[K In constructor â€˜[01m[Ktest1::test1()[m[Kâ€™:
[5.221s] [01m[K/home/noth5593/CLionProjects/20241119_test2/imgrcv/src/test1.cpp:9:66:[m[K [01;31m[Kerror: [m[Kno matching function for call to â€˜[01m[Krclcpp::Node::Node()[m[Kâ€™
[5.221s]     9 |     test1() : node_(rclcpp::Node::make_shared("image_subscriber")[01;31m[K)[m[K
[5.221s]       |                                                                  [01;31m[K^[m[K
[5.221s] In file included from [01m[K/opt/ros/humble/include/rclcpp/rclcpp/executors/single_threaded_executor.hpp:28[m[K,
[5.221s]                  from [01m[K/opt/ros/humble/include/rclcpp/rclcpp/executors.hpp:22[m[K,
[5.221s]                  from [01m[K/opt/ros/humble/include/rclcpp/rclcpp/rclcpp.hpp:155[m[K,
[5.221s]                  from [01m[K/home/noth5593/CLionProjects/20241119_test2/imgrcv/src/test1.cpp:1[m[K:
[5.222s] [01m[K/opt/ros/humble/include/rclcpp/rclcpp/node.hpp:1294:3:[m[K [01;36m[Knote: [m[Kcandidate: â€˜[01m[Krclcpp::Node::Node(const rclcpp::Node&, const string&)[m[Kâ€™
[5.222s]  1294 |   [01;36m[KNode[m[K(
[5.222s]       |   [01;36m[K^~~~[m[K
[5.222s] [01m[K/opt/ros/humble/include/rclcpp/rclcpp/node.hpp:1294:3:[m[K [01;36m[Knote: [m[K  candidate expects 2 arguments, 0 provided
[5.222s] [01m[K/opt/ros/humble/include/rclcpp/rclcpp/node.hpp:101:12:[m[K [01;36m[Knote: [m[Kcandidate: â€˜[01m[Krclcpp::Node::Node(const string&, const string&, const rclcpp::NodeOptions&)[m[Kâ€™
[5.222s]   101 |   explicit [01;36m[KNode[m[K(
[5.222s]       |            [01;36m[K^~~~[m[K
[5.222s] [01m[K/opt/ros/humble/include/rclcpp/rclcpp/node.hpp:101:12:[m[K [01;36m[Knote: [m[K  candidate expects 3 arguments, 0 provided
[5.222s] [01m[K/opt/ros/humble/include/rclcpp/rclcpp/node.hpp:89:12:[m[K [01;36m[Knote: [m[Kcandidate: â€˜[01m[Krclcpp::Node::Node(const string&, const rclcpp::NodeOptions&)[m[Kâ€™
[5.222s]    89 |   explicit [01;36m[KNode[m[K(
[5.222s]       |            [01;36m[K^~~~[m[K
[5.222s] [01m[K/opt/ros/humble/include/rclcpp/rclcpp/node.hpp:89:12:[m[K [01;36m[Knote: [m[K  candidate expects 2 arguments, 0 provided
[6.843s] In file included from [01m[K/usr/include/x86_64-linux-gnu/c++/11/bits/c++allocator.h:33[m[K,
[6.843s]                  from [01m[K/usr/include/c++/11/bits/allocator.h:46[m[K,
[6.843s]                  from [01m[K/usr/include/c++/11/memory:64[m[K,
[6.843s]                  from [01m[K/opt/ros/humble/include/rclcpp/rclcpp/rclcpp.hpp:153[m[K,
[6.843s]                  from [01m[K/home/noth5593/CLionProjects/20241119_test2/imgrcv/src/test1.cpp:1[m[K:
[6.843s] /usr/include/c++/11/ext/new_allocator.h: In instantiation of â€˜[01m[Kvoid __gnu_cxx::new_allocator<_Tp>::construct(_Up*, _Args&& ...) [with _Up = test1; _Args = {const char (&)[6]}; _Tp = test1][m[Kâ€™:
[6.843s] [01m[K/usr/include/c++/11/bits/alloc_traits.h:516:17:[m[K   required from â€˜[01m[Kstatic void std::allocator_traits<std::allocator<_Tp1> >::construct(std::allocator_traits<std::allocator<_Tp1> >::allocator_type&, _Up*, _Args&& ...) [with _Up = test1; _Args = {const char (&)[6]}; _Tp = test1; std::allocator_traits<std::allocator<_Tp1> >::allocator_type = std::allocator<test1>][m[Kâ€™
[6.843s] [01m[K/usr/include/c++/11/bits/shared_ptr_base.h:519:39:[m[K   required from â€˜[01m[Kstd::_Sp_counted_ptr_inplace<_Tp, _Alloc, _Lp>::_Sp_counted_ptr_inplace(_Alloc, _Args&& ...) [with _Args = {const char (&)[6]}; _Tp = test1; _Alloc = std::allocator<test1>; __gnu_cxx::_Lock_policy _Lp = __gnu_cxx::_S_atomic][m[Kâ€™
[6.843s] [01m[K/usr/include/c++/11/bits/shared_ptr_base.h:650:16:[m[K   required from â€˜[01m[Kstd::__shared_count<_Lp>::__shared_count(_Tp*&, std::_Sp_alloc_shared_tag<_Alloc>, _Args&& ...) [with _Tp = test1; _Alloc = std::allocator<test1>; _Args = {const char (&)[6]}; __gnu_cxx::_Lock_policy _Lp = __gnu_cxx::_S_atomic][m[Kâ€™
[6.844s] [01m[K/usr/include/c++/11/bits/shared_ptr_base.h:1342:14:[m[K   required from â€˜[01m[Kstd::__shared_ptr<_Tp, _Lp>::__shared_ptr(std::_Sp_alloc_shared_tag<_Tp>, _Args&& ...) [with _Alloc = std::allocator<test1>; _Args = {const char (&)[6]}; _Tp = test1; __gnu_cxx::_Lock_policy _Lp = __gnu_cxx::_S_atomic][m[Kâ€™
[6.844s] [01m[K/usr/include/c++/11/bits/shared_ptr.h:409:59:[m[K   required from â€˜[01m[Kstd::shared_ptr<_Tp>::shared_ptr(std::_Sp_alloc_shared_tag<_Tp>, _Args&& ...) [with _Alloc = std::allocator<test1>; _Args = {const char (&)[6]}; _Tp = test1][m[Kâ€™
[6.844s] [01m[K/usr/include/c++/11/bits/shared_ptr.h:862:14:[m[K   required from â€˜[01m[Kstd::shared_ptr<_Tp> std::allocate_shared(const _Alloc&, _Args&& ...) [with _Tp = test1; _Alloc = std::allocator<test1>; _Args = {const char (&)[6]}][m[Kâ€™
[6.844s] [01m[K/usr/include/c++/11/bits/shared_ptr.h:878:39:[m[K   required from â€˜[01m[Kstd::shared_ptr<_Tp> std::make_shared(_Args&& ...) [with _Tp = test1; _Args = {const char (&)[6]}][m[Kâ€™
[6.844s] [01m[K/home/noth5593/CLionProjects/20241119_test2/imgrcv/src/test1.cpp:38:40:[m[K   required from here
[6.844s] [01m[K/usr/include/c++/11/ext/new_allocator.h:162:11:[m[K [01;31m[Kerror: [m[Kno matching function for call to â€˜[01m[Ktest1::test1(const char [6])[m[Kâ€™
[6.844s]   162 |         { [01;31m[K::new((void *)__p) _Up(std::forward<_Args>(__args)...)[m[K; }
[6.844s]       |           [01;31m[K^~~~~~~~~~~~~~~~~~~~~~~~~~~~~~~~~~~~~~~~~~~~~~~~~~~~~~[m[K
[6.844s] [01m[K/home/noth5593/CLionProjects/20241119_test2/imgrcv/src/test1.cpp:9:5:[m[K [01;36m[Knote: [m[Kcandidate: â€˜[01m[Ktest1::test1()[m[Kâ€™
[6.844s]     9 |     [01;36m[Ktest1[m[K() : node_(rclcpp::Node::make_shared("image_subscriber"))
[6.845s]       |     [01;36m[K^~~~~[m[K
[6.845s] [01m[K/home/noth5593/CLionProjects/20241119_test2/imgrcv/src/test1.cpp:9:5:[m[K [01;36m[Knote: [m[K  candidate expects 0 arguments, 1 provided
[8.229s] gmake[2]: *** [CMakeFiles/test1.dir/build.make:76: CMakeFiles/test1.dir/src/test1.cpp.o] Error 1
[8.229s] gmake[1]: *** [CMakeFiles/Makefile2:137: CMakeFiles/test1.dir/all] Error 2
[8.230s] gmake: *** [Makefile:146: all] Error 2
[8.234s] Invoked command in '/home/noth5593/CLionProjects/20241119_test2/build/imgsubscriber' returned '2': CMAKE_PREFIX_PATH=/opt/ros/humble /usr/bin/cmake --build /home/noth5593/CLionProjects/20241119_test2/build/imgsubscriber -- -j20 -l20
